<?xml version="1.0" encoding="UTF-8"?>
<coverage generated="1596678625209" clover="3.2.0">
  <project timestamp="1596678625209" name="All files">
    <metrics statements="27" coveredstatements="27" conditionals="32" coveredconditionals="32" methods="2" coveredmethods="2" elements="61" coveredelements="61" complexity="0" loc="27" ncloc="27" packages="1" files="1" classes="1"/>
    <file name="cipher.js" path="C:\Users\Laboratoria\Desktop\LABOclon\LIM013-cipher\src\cipher.js">
      <metrics statements="27" coveredstatements="27" conditionals="32" coveredconditionals="32" methods="2" coveredmethods="2"/>
      <line num="1" count="1" type="stmt"/>
      <line num="3" count="8" type="cond" truecount="4" falsecount="0"/>
      <line num="4" count="4" type="stmt"/>
      <line num="6" count="4" type="stmt"/>
      <line num="7" count="4" type="stmt"/>
      <line num="8" count="58" type="stmt"/>
      <line num="10" count="58" type="cond" truecount="4" falsecount="0"/>
      <line num="11" count="26" type="stmt"/>
      <line num="14" count="32" type="cond" truecount="4" falsecount="0"/>
      <line num="15" count="26" type="stmt"/>
      <line num="18" count="6" type="cond" truecount="4" falsecount="0"/>
      <line num="19" count="3" type="stmt"/>
      <line num="22" count="3" type="stmt"/>
      <line num="26" count="4" type="stmt"/>
      <line num="30" count="8" type="cond" truecount="4" falsecount="0"/>
      <line num="31" count="4" type="stmt"/>
      <line num="33" count="4" type="stmt"/>
      <line num="34" count="4" type="stmt"/>
      <line num="35" count="58" type="stmt"/>
      <line num="37" count="58" type="cond" truecount="4" falsecount="0"/>
      <line num="38" count="26" type="stmt"/>
      <line num="41" count="32" type="cond" truecount="4" falsecount="0"/>
      <line num="42" count="26" type="stmt"/>
      <line num="45" count="6" type="cond" truecount="4" falsecount="0"/>
      <line num="46" count="3" type="stmt"/>
      <line num="49" count="3" type="stmt"/>
      <line num="53" count="4" type="stmt"/>
    </file>
  </project>
</coverage>
