{"C:\\Users\\Laboratoria\\Desktop\\LABOclon\\LIM013-cipher\\src\\cipher.js": {"path":"C:\\Users\\Laboratoria\\Desktop\\LABOclon\\LIM013-cipher\\src\\cipher.js","statementMap":{"0":{"start":{"line":1,"column":17},"end":{"line":57,"column":1}},"1":{"start":{"line":3,"column":2},"end":{"line":5,"column":3}},"2":{"start":{"line":4,"column":4},"end":{"line":4,"column":26}},"3":{"start":{"line":6,"column":22},"end":{"line":6,"column":24}},"4":{"start":{"line":7,"column":8},"end":{"line":24,"column":7}},"5":{"start":{"line":7,"column":21},"end":{"line":7,"column":22}},"6":{"start":{"line":8,"column":26},"end":{"line":8,"column":50}},"7":{"start":{"line":10,"column":10},"end":{"line":23,"column":11}},"8":{"start":{"line":11,"column":12},"end":{"line":11,"column":90}},"9":{"start":{"line":14,"column":15},"end":{"line":23,"column":11}},"10":{"start":{"line":15,"column":12},"end":{"line":15,"column":90}},"11":{"start":{"line":18,"column":15},"end":{"line":23,"column":11}},"12":{"start":{"line":19,"column":12},"end":{"line":19,"column":90}},"13":{"start":{"line":22,"column":12},"end":{"line":22,"column":41}},"14":{"start":{"line":26,"column":6},"end":{"line":26,"column":25}},"15":{"start":{"line":30,"column":6},"end":{"line":32,"column":7}},"16":{"start":{"line":31,"column":8},"end":{"line":31,"column":30}},"17":{"start":{"line":33,"column":22},"end":{"line":33,"column":24}},"18":{"start":{"line":34,"column":6},"end":{"line":51,"column":5}},"19":{"start":{"line":34,"column":19},"end":{"line":34,"column":20}},"20":{"start":{"line":35,"column":24},"end":{"line":35,"column":48}},"21":{"start":{"line":37,"column":8},"end":{"line":50,"column":9}},"22":{"start":{"line":38,"column":10},"end":{"line":38,"column":92}},"23":{"start":{"line":41,"column":13},"end":{"line":50,"column":9}},"24":{"start":{"line":42,"column":10},"end":{"line":42,"column":94}},"25":{"start":{"line":45,"column":13},"end":{"line":50,"column":9}},"26":{"start":{"line":46,"column":10},"end":{"line":46,"column":92}},"27":{"start":{"line":49,"column":10},"end":{"line":49,"column":39}},"28":{"start":{"line":53,"column":4},"end":{"line":53,"column":23}}},"fnMap":{"0":{"name":"(anonymous_0)","decl":{"start":{"line":2,"column":13},"end":{"line":2,"column":14}},"loc":{"start":{"line":2,"column":49},"end":{"line":27,"column":5}},"line":2},"1":{"name":"(anonymous_1)","decl":{"start":{"line":29,"column":15},"end":{"line":29,"column":16}},"loc":{"start":{"line":29,"column":51},"end":{"line":54,"column":5}},"line":29}},"branchMap":{"0":{"loc":{"start":{"line":3,"column":2},"end":{"line":5,"column":3}},"type":"if","locations":[{"start":{"line":3,"column":2},"end":{"line":5,"column":3}},{"start":{"line":3,"column":2},"end":{"line":5,"column":3}}],"line":3},"1":{"loc":{"start":{"line":3,"column":6},"end":{"line":3,"column":77}},"type":"binary-expr","locations":[{"start":{"line":3,"column":6},"end":{"line":3,"column":35}},{"start":{"line":3,"column":39},"end":{"line":3,"column":77}}],"line":3},"2":{"loc":{"start":{"line":10,"column":10},"end":{"line":23,"column":11}},"type":"if","locations":[{"start":{"line":10,"column":10},"end":{"line":23,"column":11}},{"start":{"line":10,"column":10},"end":{"line":23,"column":11}}],"line":10},"3":{"loc":{"start":{"line":10,"column":13},"end":{"line":10,"column":44}},"type":"binary-expr","locations":[{"start":{"line":10,"column":13},"end":{"line":10,"column":27}},{"start":{"line":10,"column":31},"end":{"line":10,"column":44}}],"line":10},"4":{"loc":{"start":{"line":14,"column":15},"end":{"line":23,"column":11}},"type":"if","locations":[{"start":{"line":14,"column":15},"end":{"line":23,"column":11}},{"start":{"line":14,"column":15},"end":{"line":23,"column":11}}],"line":14},"5":{"loc":{"start":{"line":14,"column":19},"end":{"line":14,"column":48}},"type":"binary-expr","locations":[{"start":{"line":14,"column":19},"end":{"line":14,"column":31}},{"start":{"line":14,"column":35},"end":{"line":14,"column":48}}],"line":14},"6":{"loc":{"start":{"line":18,"column":15},"end":{"line":23,"column":11}},"type":"if","locations":[{"start":{"line":18,"column":15},"end":{"line":23,"column":11}},{"start":{"line":18,"column":15},"end":{"line":23,"column":11}}],"line":18},"7":{"loc":{"start":{"line":18,"column":19},"end":{"line":18,"column":47}},"type":"binary-expr","locations":[{"start":{"line":18,"column":19},"end":{"line":18,"column":31}},{"start":{"line":18,"column":35},"end":{"line":18,"column":47}}],"line":18},"8":{"loc":{"start":{"line":30,"column":6},"end":{"line":32,"column":7}},"type":"if","locations":[{"start":{"line":30,"column":6},"end":{"line":32,"column":7}},{"start":{"line":30,"column":6},"end":{"line":32,"column":7}}],"line":30},"9":{"loc":{"start":{"line":30,"column":10},"end":{"line":30,"column":81}},"type":"binary-expr","locations":[{"start":{"line":30,"column":10},"end":{"line":30,"column":39}},{"start":{"line":30,"column":43},"end":{"line":30,"column":81}}],"line":30},"10":{"loc":{"start":{"line":37,"column":8},"end":{"line":50,"column":9}},"type":"if","locations":[{"start":{"line":37,"column":8},"end":{"line":50,"column":9}},{"start":{"line":37,"column":8},"end":{"line":50,"column":9}}],"line":37},"11":{"loc":{"start":{"line":37,"column":11},"end":{"line":37,"column":42}},"type":"binary-expr","locations":[{"start":{"line":37,"column":11},"end":{"line":37,"column":25}},{"start":{"line":37,"column":29},"end":{"line":37,"column":42}}],"line":37},"12":{"loc":{"start":{"line":41,"column":13},"end":{"line":50,"column":9}},"type":"if","locations":[{"start":{"line":41,"column":13},"end":{"line":50,"column":9}},{"start":{"line":41,"column":13},"end":{"line":50,"column":9}}],"line":41},"13":{"loc":{"start":{"line":41,"column":17},"end":{"line":41,"column":46}},"type":"binary-expr","locations":[{"start":{"line":41,"column":17},"end":{"line":41,"column":29}},{"start":{"line":41,"column":33},"end":{"line":41,"column":46}}],"line":41},"14":{"loc":{"start":{"line":45,"column":13},"end":{"line":50,"column":9}},"type":"if","locations":[{"start":{"line":45,"column":13},"end":{"line":50,"column":9}},{"start":{"line":45,"column":13},"end":{"line":50,"column":9}}],"line":45},"15":{"loc":{"start":{"line":45,"column":17},"end":{"line":45,"column":45}},"type":"binary-expr","locations":[{"start":{"line":45,"column":17},"end":{"line":45,"column":29}},{"start":{"line":45,"column":33},"end":{"line":45,"column":45}}],"line":45}},"s":{"0":1,"1":8,"2":4,"3":4,"4":4,"5":4,"6":58,"7":58,"8":26,"9":32,"10":26,"11":6,"12":3,"13":3,"14":4,"15":8,"16":4,"17":4,"18":4,"19":4,"20":58,"21":58,"22":26,"23":32,"24":26,"25":6,"26":3,"27":3,"28":4},"f":{"0":8,"1":8},"b":{"0":[4,4],"1":[8,4],"2":[26,32],"3":[58,52],"4":[26,6],"5":[32,26],"6":[3,3],"7":[6,4],"8":[4,4],"9":[8,4],"10":[26,32],"11":[58,52],"12":[26,6],"13":[32,26],"14":[3,3],"15":[6,4]},"_coverageSchema":"43e27e138ebf9cfc5966b082cf9a028302ed4184","hash":"f72909c01e81a3e2f149bfb425764292f8432afa"}
}
