TN:
SF:C:\Users\Laboratoria\Desktop\LABOclon\LIM013-cipher\src\cipher.js
FN:2,(anonymous_0)
FN:29,(anonymous_1)
FNF:2
FNH:2
FNDA:8,(anonymous_0)
FNDA:8,(anonymous_1)
DA:1,1
DA:3,8
DA:4,4
DA:6,4
DA:7,4
DA:8,58
DA:10,58
DA:11,26
DA:14,32
DA:15,26
DA:18,6
DA:19,3
DA:22,3
DA:26,4
DA:30,8
DA:31,4
DA:33,4
DA:34,4
DA:35,58
DA:37,58
DA:38,26
DA:41,32
DA:42,26
DA:45,6
DA:46,3
DA:49,3
DA:53,4
LF:27
LH:27
BRDA:3,0,0,4
BRDA:3,0,1,4
BRDA:3,1,0,8
BRDA:3,1,1,4
BRDA:10,2,0,26
BRDA:10,2,1,32
BRDA:10,3,0,58
BRDA:10,3,1,52
BRDA:14,4,0,26
BRDA:14,4,1,6
BRDA:14,5,0,32
BRDA:14,5,1,26
BRDA:18,6,0,3
BRDA:18,6,1,3
BRDA:18,7,0,6
BRDA:18,7,1,4
BRDA:30,8,0,4
BRDA:30,8,1,4
BRDA:30,9,0,8
BRDA:30,9,1,4
BRDA:37,10,0,26
BRDA:37,10,1,32
BRDA:37,11,0,58
BRDA:37,11,1,52
BRDA:41,12,0,26
BRDA:41,12,1,6
BRDA:41,13,0,32
BRDA:41,13,1,26
BRDA:45,14,0,3
BRDA:45,14,1,3
BRDA:45,15,0,6
BRDA:45,15,1,4
BRF:32
BRH:32
end_of_record
